#
# There is insufficient memory for the Java Runtime Environment to continue.
# Native memory allocation (mmap) failed to map 264241152 bytes for G1 virtual space
# Possible reasons:
#   The system is out of physical RAM or swap space
#   The process is running with CompressedOops enabled, and the Java Heap may be blocking the growth of the native heap
# Possible solutions:
#   Reduce memory load on the system
#   Increase physical memory or swap space
#   Check if swap backing store is full
#   Decrease Java heap size (-Xmx/-Xms)
#   Decrease number of Java threads
#   Decrease Java thread stack sizes (-Xss)
#   Set larger code cache with -XX:ReservedCodeCacheSize=
#   JVM is running with Unscaled Compressed Oops mode in which the Java heap is
#     placed in the first 4GB address space. The Java Heap base address is the
#     maximum limit for the native heap growth. Please use -XX:HeapBaseMinAddress
#     to set the Java Heap base and to place the Java Heap above 4GB virtual address.
# This output file may be truncated or incomplete.
#
#  Out of Memory Error (os_windows.cpp:3527), pid=1848, tid=13232
#
# JRE version: Java(TM) SE Runtime Environment (19.0+36) (build 19+36-2238)
# Java VM: Java HotSpot(TM) 64-Bit Server VM (19+36-2238, mixed mode, sharing, tiered, compressed oops, compressed class ptrs, g1 gc, windows-amd64)
# No core dump will be written. Minidumps are not enabled by default on client versions of Windows
#

---------------  S U M M A R Y ------------

Command Line: -Dfile.encoding=UTF-8 --module-path=C:\Users\Admin\eclipse-workspace\spelling\bin -XX:+ShowCodeDetailsInExceptionMessages -Djdk.module.main=spelling spelling/model.TrieNode

Host: Intel(R) Core(TM) i7-10510U CPU @ 1.80GHz, 8 cores, 7G,  Windows 10 , 64 bit Build 19041 (10.0.19041.2251)
Time: Sun Dec  4 03:17:28 2022 Russia TZ 2 Standard Time elapsed time: 8.849092 seconds (0d 0h 0m 8s)

---------------  T H R E A D  ---------------

Current thread (0x000001fbec317cc0):  VMThread "VM Thread" [stack: 0x0000001097100000,0x0000001097200000] [id=13232]

Stack: [0x0000001097100000,0x0000001097200000]
Native frames: (J=compiled Java code, j=interpreted, Vv=VM code, C=native code)
V  [jvm.dll+0x6ee8fa]
V  [jvm.dll+0x857a1e]
V  [jvm.dll+0x85940e]
V  [jvm.dll+0x859ac3]
V  [jvm.dll+0x28291f]
V  [jvm.dll+0x6eb6e9]
V  [jvm.dll+0x6e028a]
V  [jvm.dll+0x357136]
V  [jvm.dll+0x35eb96]
V  [jvm.dll+0x3b555e]
V  [jvm.dll+0x3b578f]
V  [jvm.dll+0x32c6ea]
V  [jvm.dll+0x32c797]
V  [jvm.dll+0x374b52]
V  [jvm.dll+0x37328f]
V  [jvm.dll+0x32bf10]
V  [jvm.dll+0x37282b]
V  [jvm.dll+0x85ef83]
V  [jvm.dll+0x85fd49]
V  [jvm.dll+0x86027d]
V  [jvm.dll+0x86070b]
V  [jvm.dll+0x8607c7]
V  [jvm.dll+0x8015fa]
V  [jvm.dll+0x6ed5eb]
C  [ucrtbase.dll+0x21bb2]
C  [KERNEL32.DLL+0x174b4]
C  [ntdll.dll+0x526a1]

VM_Operation (0x0000001096bfed70): G1CollectForAllocation, mode: safepoint, requested by thread 0x000001fbcbc0afa0


---------------  P R O C E S S  ---------------

Threads class SMR info:
_java_thread_list=0x000001fbf06878d0, length=13, elements={
0x000001fbcbc0afa0, 0x000001fbec335df0, 0x000001fbec336b20, 0x000001fbec337e50,
0x000001fbec338780, 0x000001fbec3391f0, 0x000001fbec33d160, 0x000001fbec348ac0,
0x000001fbec349040, 0x000001fbec3497d0, 0x000001fbf05880e0, 0x000001fbf062a0d0,
0x000001fbf0683f70
}

Java Threads: ( => current thread )
  0x000001fbcbc0afa0 JavaThread "main" [_thread_blocked, id=12200, stack(0x0000001096b00000,0x0000001096c00000)]
  0x000001fbec335df0 JavaThread "Reference Handler" daemon [_thread_blocked, id=4684, stack(0x0000001097200000,0x0000001097300000)]
  0x000001fbec336b20 JavaThread "Finalizer" daemon [_thread_blocked, id=14112, stack(0x0000001097300000,0x0000001097400000)]
  0x000001fbec337e50 JavaThread "Signal Dispatcher" daemon [_thread_blocked, id=17580, stack(0x0000001097400000,0x0000001097500000)]
  0x000001fbec338780 JavaThread "Attach Listener" daemon [_thread_blocked, id=5212, stack(0x0000001097500000,0x0000001097600000)]
  0x000001fbec3391f0 JavaThread "Service Thread" daemon [_thread_blocked, id=12580, stack(0x0000001097600000,0x0000001097700000)]
  0x000001fbec33d160 JavaThread "Monitor Deflation Thread" daemon [_thread_blocked, id=4808, stack(0x0000001097700000,0x0000001097800000)]
  0x000001fbec348ac0 JavaThread "C2 CompilerThread0" daemon [_thread_blocked, id=11404, stack(0x0000001097800000,0x0000001097900000)]
  0x000001fbec349040 JavaThread "C1 CompilerThread0" daemon [_thread_blocked, id=12664, stack(0x0000001097900000,0x0000001097a00000)]
  0x000001fbec3497d0 JavaThread "Sweeper thread" daemon [_thread_blocked, id=12736, stack(0x0000001097a00000,0x0000001097b00000)]
  0x000001fbf05880e0 JavaThread "Common-Cleaner" daemon [_thread_blocked, id=2844, stack(0x0000001097b00000,0x0000001097c00000)]
  0x000001fbf062a0d0 JavaThread "Notification Thread" daemon [_thread_blocked, id=16748, stack(0x0000001097c00000,0x0000001097d00000)]
  0x000001fbf0683f70 JavaThread "C2 CompilerThread1" daemon [_thread_blocked, id=3820, stack(0x0000001098200000,0x0000001098300000)]

Other Threads:
=>0x000001fbec317cc0 VMThread "VM Thread" [stack: 0x0000001097100000,0x0000001097200000] [id=13232]
  0x000001fbf0636640 WatcherThread "VM Periodic Task Thread" [stack: 0x0000001097d00000,0x0000001097e00000] [id=2324]
  0x000001fbcbc69970 WorkerThread "GC Thread#0" [stack: 0x0000001096c00000,0x0000001096d00000] [id=10300]
  0x000001fbf06bf830 WorkerThread "GC Thread#1" [stack: 0x0000001097e00000,0x0000001097f00000] [id=14976]
  0x000001fbf06bfb00 WorkerThread "GC Thread#2" [stack: 0x0000001097f00000,0x0000001098000000] [id=12808]
  0x000001fbf06aabc0 WorkerThread "GC Thread#3" [stack: 0x0000001098000000,0x0000001098100000] [id=7964]
  0x000001fbf06aae90 WorkerThread "GC Thread#4" [stack: 0x0000001098100000,0x0000001098200000] [id=16168]
  0x000001fbcbc7ad10 ConcurrentGCThread "G1 Main Marker" [stack: 0x0000001096d00000,0x0000001096e00000] [id=2012]
  0x000001fbcbc7b740 WorkerThread "G1 Conc#0" [stack: 0x0000001096e00000,0x0000001096f00000] [id=14968]
  0x000001fbf0795780 WorkerThread "G1 Conc#1" [stack: 0x0000001098300000,0x0000001098400000] [id=7248]
  0x000001fbec1d44e0 ConcurrentGCThread "G1 Refine#0" [stack: 0x0000001096f00000,0x0000001097000000] [id=2932]
  0x000001fbec1d6ce0 ConcurrentGCThread "G1 Service" [stack: 0x0000001097000000,0x0000001097100000] [id=16332]

Threads with active compile tasks:
C2 CompilerThread0     8863  311       4       java.lang.StringLatin1::inflate (34 bytes)
C2 CompilerThread1     8863  305       4       java.io.BufferedReader::readLine (7 bytes)

VM state: at safepoint (normal execution)

VM Mutex/Monitor currently owned by a thread:  ([mutex/lock_event])
[0x000001fbcbc0ae40] Threads_lock - owner thread: 0x000001fbec317cc0
[0x000001fbcbc0adb0] Heap_lock - owner thread: 0x000001fbcbc0afa0

Heap address: 0x0000000082800000, size: 2008 MB, Compressed Oops mode: 32-bit

CDS archive(s) mapped at: [0x0000000800000000-0x0000000800c40000-0x0000000800c40000), size 12845056, SharedBaseAddress: 0x0000000800000000, ArchiveRelocationMode: 0.
Compressed class space mapped at: 0x0000000801000000-0x0000000841000000, reserved size: 1073741824
Narrow klass base: 0x0000000800000000, Narrow klass shift: 0, Narrow klass range: 0x100000000

GC Precious Log:
 CardTable entry size: 512
 Card Set container configuration: InlinePtr #cards 5 size 8 Array Of Cards #cards 12 size 40 Howl #buckets 4 coarsen threshold 1843 Howl Bitmap #cards 512 size 80 coarsen threshold 460 Card regions per heap region 1 cards per card region 2048
 CPUs: 8 total, 8 available
 Memory: 8029M
 Large Page Support: Disabled
 NUMA Support: Disabled
 Compressed Oops: Enabled (32-bit)
 Heap Region Size: 1M
 Heap Min Capacity: 8M
 Heap Initial Capacity: 126M
 Heap Max Capacity: 2008M
 Pre-touch: Disabled
 Parallel Workers: 8
 Concurrent Workers: 2
 Concurrent Refinement Workers: 8
 Periodic GC: Disabled

Heap:
 garbage-first heap   total 129024K, used 96768K [0x0000000082800000, 0x0000000100000000)
  region size 1024K, 2 young (2048K), 2 survivors (2048K)
 Metaspace       used 958K, committed 1152K, reserved 1114112K
  class space    used 80K, committed 192K, reserved 1048576K

Heap Regions: E=young(eden), S=young(survivor), O=old, HS=humongous(starts), HC=humongous(continues), CS=collection set, F=free, OA=open archive, CA=closed archive, TAMS=top-at-mark-start (previous, next)
|   0|0x0000000082800000, 0x0000000082900000, 0x0000000082900000|100%| O|  |TAMS 0x0000000082800000, 0x0000000082900000| Untracked 
|   1|0x0000000082900000, 0x0000000082a00000, 0x0000000082a00000|100%| O|  |TAMS 0x0000000082900000, 0x0000000082a00000| Untracked 
|   2|0x0000000082a00000, 0x0000000082b00000, 0x0000000082b00000|100%| O|  |TAMS 0x0000000082a00000, 0x0000000082b00000| Untracked 
|   3|0x0000000082b00000, 0x0000000082c00000, 0x0000000082c00000|100%| O|  |TAMS 0x0000000082b00000, 0x0000000082c00000| Untracked 
|   4|0x0000000082c00000, 0x0000000082d00000, 0x0000000082d00000|100%| O|  |TAMS 0x0000000082c00000, 0x0000000082d00000| Untracked 
|   5|0x0000000082d00000, 0x0000000082e00000, 0x0000000082e00000|100%| O|  |TAMS 0x0000000082d00000, 0x0000000082e00000| Untracked 
|   6|0x0000000082e00000, 0x0000000082f00000, 0x0000000082f00000|100%| O|  |TAMS 0x0000000082e00000, 0x0000000082f00000| Untracked 
|   7|0x0000000082f00000, 0x0000000083000000, 0x0000000083000000|100%| O|  |TAMS 0x0000000082f00000, 0x0000000083000000| Untracked 
|   8|0x0000000083000000, 0x0000000083100000, 0x0000000083100000|100%| O|  |TAMS 0x0000000083000000, 0x0000000083100000| Untracked 
|   9|0x0000000083100000, 0x0000000083200000, 0x0000000083200000|100%| O|  |TAMS 0x0000000083100000, 0x0000000083200000| Untracked 
|  10|0x0000000083200000, 0x0000000083300000, 0x0000000083300000|100%| O|  |TAMS 0x0000000083200000, 0x0000000083300000| Untracked 
|  11|0x0000000083300000, 0x0000000083400000, 0x0000000083400000|100%| O|  |TAMS 0x0000000083300000, 0x0000000083400000| Untracked 
|  12|0x0000000083400000, 0x0000000083500000, 0x0000000083500000|100%| O|  |TAMS 0x0000000083400000, 0x0000000083500000| Untracked 
|  13|0x0000000083500000, 0x0000000083600000, 0x0000000083600000|100%| O|  |TAMS 0x0000000083500000, 0x0000000083600000| Untracked 
|  14|0x0000000083600000, 0x0000000083700000, 0x0000000083700000|100%| O|  |TAMS 0x0000000083600000, 0x0000000083700000| Untracked 
|  15|0x0000000083700000, 0x0000000083800000, 0x0000000083800000|100%| O|  |TAMS 0x0000000083700000, 0x0000000083800000| Untracked 
|  16|0x0000000083800000, 0x0000000083900000, 0x0000000083900000|100%| O|  |TAMS 0x0000000083800000, 0x0000000083900000| Untracked 
|  17|0x0000000083900000, 0x0000000083a00000, 0x0000000083a00000|100%| O|  |TAMS 0x0000000083900000, 0x0000000083a00000| Untracked 
|  18|0x0000000083a00000, 0x0000000083b00000, 0x0000000083b00000|100%| O|  |TAMS 0x0000000083a00000, 0x0000000083b00000| Untracked 
|  19|0x0000000083b00000, 0x0000000083c00000, 0x0000000083c00000|100%| O|  |TAMS 0x0000000083b00000, 0x0000000083c00000| Untracked 
|  20|0x0000000083c00000, 0x0000000083d00000, 0x0000000083d00000|100%| O|  |TAMS 0x0000000083c00000, 0x0000000083d00000| Untracked 
|  21|0x0000000083d00000, 0x0000000083e00000, 0x0000000083e00000|100%| O|  |TAMS 0x0000000083d00000, 0x0000000083e00000| Untracked 
|  22|0x0000000083e00000, 0x0000000083f00000, 0x0000000083f00000|100%| O|  |TAMS 0x0000000083e00000, 0x0000000083f00000| Untracked 
|  23|0x0000000083f00000, 0x0000000084000000, 0x0000000084000000|100%| O|  |TAMS 0x0000000083f00000, 0x0000000084000000| Untracked 
|  24|0x0000000084000000, 0x0000000084100000, 0x0000000084100000|100%| O|  |TAMS 0x0000000084000000, 0x0000000084100000| Untracked 
|  25|0x0000000084100000, 0x0000000084200000, 0x0000000084200000|100%| O|  |TAMS 0x0000000084100000, 0x0000000084200000| Untracked 
|  26|0x0000000084200000, 0x0000000084300000, 0x0000000084300000|100%| O|  |TAMS 0x0000000084200000, 0x0000000084300000| Untracked 
|  27|0x0000000084300000, 0x0000000084400000, 0x0000000084400000|100%| O|  |TAMS 0x0000000084300000, 0x0000000084400000| Untracked 
|  28|0x0000000084400000, 0x0000000084500000, 0x0000000084500000|100%| O|  |TAMS 0x0000000084400000, 0x0000000084500000| Untracked 
|  29|0x0000000084500000, 0x0000000084600000, 0x0000000084600000|100%| O|  |TAMS 0x0000000084500000, 0x0000000084600000| Untracked 
|  30|0x0000000084600000, 0x0000000084700000, 0x0000000084700000|100%| O|  |TAMS 0x0000000084600000, 0x0000000084700000| Untracked 
|  31|0x0000000084700000, 0x0000000084800000, 0x0000000084800000|100%| O|  |TAMS 0x0000000084700000, 0x0000000084800000| Untracked 
|  32|0x0000000084800000, 0x0000000084900000, 0x0000000084900000|100%| O|  |TAMS 0x0000000084800000, 0x0000000084900000| Untracked 
|  33|0x0000000084900000, 0x0000000084a00000, 0x0000000084a00000|100%| O|  |TAMS 0x0000000084900000, 0x0000000084a00000| Untracked 
|  34|0x0000000084a00000, 0x0000000084b00000, 0x0000000084b00000|100%| O|  |TAMS 0x0000000084a00000, 0x0000000084b00000| Untracked 
|  35|0x0000000084b00000, 0x0000000084c00000, 0x0000000084c00000|100%| O|  |TAMS 0x0000000084b00000, 0x0000000084c00000| Untracked 
|  36|0x0000000084c00000, 0x0000000084d00000, 0x0000000084d00000|100%| O|  |TAMS 0x0000000084c00000, 0x0000000084d00000| Untracked 
|  37|0x0000000084d00000, 0x0000000084e00000, 0x0000000084e00000|100%| O|  |TAMS 0x0000000084d00000, 0x0000000084e00000| Untracked 
|  38|0x0000000084e00000, 0x0000000084f00000, 0x0000000084f00000|100%| O|  |TAMS 0x0000000084e00000, 0x0000000084f00000| Untracked 
|  39|0x0000000084f00000, 0x0000000085000000, 0x0000000085000000|100%| O|  |TAMS 0x0000000084f00000, 0x0000000085000000| Untracked 
|  40|0x0000000085000000, 0x0000000085100000, 0x0000000085100000|100%| O|  |TAMS 0x0000000085000000, 0x0000000085100000| Untracked 
|  41|0x0000000085100000, 0x0000000085200000, 0x0000000085200000|100%| O|  |TAMS 0x0000000085100000, 0x0000000085200000| Untracked 
|  42|0x0000000085200000, 0x0000000085300000, 0x0000000085300000|100%| O|  |TAMS 0x0000000085200000, 0x0000000085300000| Untracked 
|  43|0x0000000085300000, 0x0000000085400000, 0x0000000085400000|100%| O|  |TAMS 0x0000000085300000, 0x0000000085400000| Untracked 
|  44|0x0000000085400000, 0x0000000085500000, 0x0000000085500000|100%| O|  |TAMS 0x0000000085400000, 0x0000000085500000| Untracked 
|  45|0x0000000085500000, 0x0000000085600000, 0x0000000085600000|100%| O|  |TAMS 0x0000000085500000, 0x0000000085600000| Untracked 
|  46|0x0000000085600000, 0x0000000085700000, 0x0000000085700000|100%| O|  |TAMS 0x0000000085600000, 0x0000000085700000| Untracked 
|  47|0x0000000085700000, 0x0000000085800000, 0x0000000085800000|100%| O|  |TAMS 0x0000000085700000, 0x0000000085800000| Untracked 
|  48|0x0000000085800000, 0x0000000085900000, 0x0000000085900000|100%| O|  |TAMS 0x0000000085800000, 0x0000000085900000| Untracked 
|  49|0x0000000085900000, 0x0000000085a00000, 0x0000000085a00000|100%| O|  |TAMS 0x0000000085900000, 0x0000000085a00000| Untracked 
|  50|0x0000000085a00000, 0x0000000085b00000, 0x0000000085b00000|100%| O|  |TAMS 0x0000000085a00000, 0x0000000085b00000| Untracked 
|  51|0x0000000085b00000, 0x0000000085c00000, 0x0000000085c00000|100%| O|  |TAMS 0x0000000085b00000, 0x0000000085c00000| Untracked 
|  52|0x0000000085c00000, 0x0000000085d00000, 0x0000000085d00000|100%| O|  |TAMS 0x0000000085c00000, 0x0000000085d00000| Untracked 
|  53|0x0000000085d00000, 0x0000000085e00000, 0x0000000085e00000|100%| O|  |TAMS 0x0000000085d00000, 0x0000000085e00000| Untracked 
|  54|0x0000000085e00000, 0x0000000085f00000, 0x0000000085f00000|100%| O|  |TAMS 0x0000000085e00000, 0x0000000085f00000| Untracked 
|  55|0x0000000085f00000, 0x0000000086000000, 0x0000000086000000|100%| O|  |TAMS 0x0000000085f00000, 0x0000000086000000| Untracked 
|  56|0x0000000086000000, 0x0000000086100000, 0x0000000086100000|100%| O|  |TAMS 0x0000000086000000, 0x0000000086100000| Untracked 
|  57|0x0000000086100000, 0x0000000086200000, 0x0000000086200000|100%| O|  |TAMS 0x0000000086100000, 0x0000000086200000| Untracked 
|  58|0x0000000086200000, 0x0000000086300000, 0x0000000086300000|100%| O|  |TAMS 0x0000000086200000, 0x0000000086300000| Untracked 
|  59|0x0000000086300000, 0x0000000086400000, 0x0000000086400000|100%| O|  |TAMS 0x0000000086300000, 0x0000000086400000| Untracked 
|  60|0x0000000086400000, 0x0000000086500000, 0x0000000086500000|100%| O|  |TAMS 0x0000000086400000, 0x0000000086500000| Untracked 
|  61|0x0000000086500000, 0x0000000086600000, 0x0000000086600000|100%| O|  |TAMS 0x0000000086500000, 0x0000000086600000| Untracked 
|  62|0x0000000086600000, 0x0000000086700000, 0x0000000086700000|100%| O|  |TAMS 0x0000000086600000, 0x0000000086700000| Untracked 
|  63|0x0000000086700000, 0x0000000086800000, 0x0000000086800000|100%| O|  |TAMS 0x0000000086700000, 0x0000000086800000| Untracked 
|  64|0x0000000086800000, 0x0000000086900000, 0x0000000086900000|100%| O|  |TAMS 0x0000000086800000, 0x0000000086900000| Untracked 
|  65|0x0000000086900000, 0x0000000086a00000, 0x0000000086a00000|100%| O|  |TAMS 0x0000000086900000, 0x0000000086a00000| Untracked 
|  66|0x0000000086a00000, 0x0000000086b00000, 0x0000000086b00000|100%| O|  |TAMS 0x0000000086a00000, 0x0000000086b00000| Untracked 
|  67|0x0000000086b00000, 0x0000000086c00000, 0x0000000086c00000|100%| O|  |TAMS 0x0000000086b00000, 0x0000000086c00000| Untracked 
|  68|0x0000000086c00000, 0x0000000086d00000, 0x0000000086d00000|100%| O|  |TAMS 0x0000000086c00000, 0x0000000086d00000| Untracked 
|  69|0x0000000086d00000, 0x0000000086e00000, 0x0000000086e00000|100%| O|  |TAMS 0x0000000086d00000, 0x0000000086e00000| Untracked 
|  70|0x0000000086e00000, 0x0000000086f00000, 0x0000000086f00000|100%| O|  |TAMS 0x0000000086e00000, 0x0000000086f00000| Untracked 
|  71|0x0000000086f00000, 0x0000000087000000, 0x0000000087000000|100%| O|  |TAMS 0x0000000086f00000, 0x0000000086f80000| Untracked 
|  72|0x0000000087000000, 0x0000000087100000, 0x0000000087100000|100%| O|  |TAMS 0x0000000087000000, 0x0000000087000000| Untracked 
|  73|0x0000000087100000, 0x0000000087200000, 0x0000000087200000|100%| O|  |TAMS 0x0000000087100000, 0x0000000087100000| Untracked 
|  74|0x0000000087200000, 0x0000000087300000, 0x0000000087300000|100%| O|  |TAMS 0x0000000087200000, 0x0000000087200000| Untracked 
|  75|0x0000000087300000, 0x0000000087400000, 0x0000000087400000|100%| O|  |TAMS 0x0000000087300000, 0x0000000087300000| Untracked 
|  76|0x0000000087400000, 0x0000000087500000, 0x0000000087500000|100%| O|  |TAMS 0x0000000087400000, 0x0000000087400000| Untracked 
|  77|0x0000000087500000, 0x0000000087600000, 0x0000000087600000|100%| O|  |TAMS 0x0000000087500000, 0x0000000087500000| Untracked 
|  78|0x0000000087600000, 0x0000000087700000, 0x0000000087700000|100%| O|  |TAMS 0x0000000087600000, 0x0000000087600000| Untracked 
|  79|0x0000000087700000, 0x0000000087800000, 0x0000000087800000|100%| O|  |TAMS 0x0000000087700000, 0x0000000087700000| Untracked 
|  80|0x0000000087800000, 0x0000000087900000, 0x0000000087900000|100%| O|  |TAMS 0x0000000087800000, 0x0000000087800000| Untracked 
|  81|0x0000000087900000, 0x0000000087a00000, 0x0000000087a00000|100%| O|  |TAMS 0x0000000087900000, 0x0000000087900000| Untracked 
|  82|0x0000000087a00000, 0x0000000087b00000, 0x0000000087b00000|100%| O|  |TAMS 0x0000000087a00000, 0x0000000087a00000| Untracked 
|  83|0x0000000087b00000, 0x0000000087c00000, 0x0000000087c00000|100%| O|  |TAMS 0x0000000087b00000, 0x0000000087b00000| Untracked 
|  84|0x0000000087c00000, 0x0000000087d00000, 0x0000000087d00000|100%| O|  |TAMS 0x0000000087c00000, 0x0000000087c00000| Untracked 
|  85|0x0000000087d00000, 0x0000000087e00000, 0x0000000087e00000|100%| O|  |TAMS 0x0000000087d00000, 0x0000000087d00000| Untracked 
|  86|0x0000000087e00000, 0x0000000087f00000, 0x0000000087f00000|100%| O|  |TAMS 0x0000000087e00000, 0x0000000087e00000| Untracked 
|  87|0x0000000087f00000, 0x0000000088000000, 0x0000000088000000|100%| O|  |TAMS 0x0000000087f00000, 0x0000000087f00000| Untracked 
|  88|0x0000000088000000, 0x0000000088100000, 0x0000000088100000|100%| O|  |TAMS 0x0000000088000000, 0x0000000088000000| Untracked 
|  89|0x0000000088100000, 0x0000000088200000, 0x0000000088200000|100%| O|  |TAMS 0x0000000088100000, 0x0000000088100000| Untracked 
|  90|0x0000000088200000, 0x0000000088300000, 0x0000000088300000|100%| O|  |TAMS 0x0000000088200000, 0x0000000088200000| Untracked 
|  91|0x0000000088300000, 0x0000000088400000, 0x0000000088400000|100%| O|  |TAMS 0x0000000088300000, 0x0000000088300000| Untracked 
|  92|0x0000000088400000, 0x0000000088480000, 0x0000000088500000| 50%| O|  |TAMS 0x0000000088400000, 0x0000000088400000| Untracked 
|  93|0x0000000088500000, 0x0000000088500000, 0x0000000088600000|  0%| F|  |TAMS 0x0000000088500000, 0x0000000088500000| Untracked 
|  94|0x0000000088600000, 0x0000000088600000, 0x0000000088700000|  0%| F|  |TAMS 0x0000000088600000, 0x0000000088600000| Untracked 
|  95|0x0000000088700000, 0x0000000088700000, 0x0000000088800000|  0%| F|  |TAMS 0x0000000088700000, 0x0000000088700000| Untracked 
|  96|0x0000000088800000, 0x0000000088800000, 0x0000000088900000|  0%| F|  |TAMS 0x0000000088800000, 0x0000000088800000| Untracked 
|  97|0x0000000088900000, 0x0000000088900000, 0x0000000088a00000|  0%| F|  |TAMS 0x0000000088900000, 0x0000000088900000| Untracked 
|  98|0x0000000088a00000, 0x0000000088a00000, 0x0000000088b00000|  0%| F|  |TAMS 0x0000000088a00000, 0x0000000088a00000| Untracked 
|  99|0x0000000088b00000, 0x0000000088b00000, 0x0000000088c00000|  0%| F|  |TAMS 0x0000000088b00000, 0x0000000088b00000| Untracked 
| 100|0x0000000088c00000, 0x0000000088c00000, 0x0000000088d00000|  0%| F|  |TAMS 0x0000000088c00000, 0x0000000088c00000| Untracked 
| 101|0x0000000088d00000, 0x0000000088d00000, 0x0000000088e00000|  0%| F|  |TAMS 0x0000000088d00000, 0x0000000088d00000| Untracked 
| 102|0x0000000088e00000, 0x0000000088e00000, 0x0000000088f00000|  0%| F|  |TAMS 0x0000000088e00000, 0x0000000088e00000| Untracked 
| 103|0x0000000088f00000, 0x0000000088f00000, 0x0000000089000000|  0%| F|  |TAMS 0x0000000088f00000, 0x0000000088f00000| Untracked 
| 104|0x0000000089000000, 0x0000000089000000, 0x0000000089100000|  0%| F|  |TAMS 0x0000000089000000, 0x0000000089000000| Untracked 
| 105|0x0000000089100000, 0x0000000089100000, 0x0000000089200000|  0%| F|  |TAMS 0x0000000089100000, 0x0000000089100000| Untracked 
| 106|0x0000000089200000, 0x0000000089200000, 0x0000000089300000|  0%| F|  |TAMS 0x0000000089200000, 0x0000000089200000| Untracked 
| 107|0x0000000089300000, 0x0000000089300000, 0x0000000089400000|  0%| F|  |TAMS 0x0000000089300000, 0x0000000089300000| Untracked 
| 108|0x0000000089400000, 0x0000000089400000, 0x0000000089500000|  0%| F|  |TAMS 0x0000000089400000, 0x0000000089400000| Untracked 
| 109|0x0000000089500000, 0x0000000089500000, 0x0000000089600000|  0%| F|  |TAMS 0x0000000089500000, 0x0000000089500000| Untracked 
| 110|0x0000000089600000, 0x0000000089600000, 0x0000000089700000|  0%| F|  |TAMS 0x0000000089600000, 0x0000000089600000| Untracked 
| 111|0x0000000089700000, 0x0000000089700000, 0x0000000089800000|  0%| F|  |TAMS 0x0000000089700000, 0x0000000089700000| Untracked 
| 112|0x0000000089800000, 0x0000000089800000, 0x0000000089900000|  0%| F|  |TAMS 0x0000000089800000, 0x0000000089800000| Untracked 
| 113|0x0000000089900000, 0x0000000089900000, 0x0000000089a00000|  0%| F|  |TAMS 0x0000000089900000, 0x0000000089900000| Untracked 
| 114|0x0000000089a00000, 0x0000000089a00000, 0x0000000089b00000|  0%| F|  |TAMS 0x0000000089a00000, 0x0000000089a00000| Untracked 
| 115|0x0000000089b00000, 0x0000000089b00000, 0x0000000089c00000|  0%| F|  |TAMS 0x0000000089b00000, 0x0000000089b00000| Untracked 
| 116|0x0000000089c00000, 0x0000000089c00000, 0x0000000089d00000|  0%| F|  |TAMS 0x0000000089c00000, 0x0000000089c00000| Untracked 
| 117|0x0000000089d00000, 0x0000000089e00000, 0x0000000089e00000|100%| S|CS|TAMS 0x0000000089d00000, 0x0000000089d00000| Complete 
| 118|0x0000000089e00000, 0x0000000089f00000, 0x0000000089f00000|100%| S|CS|TAMS 0x0000000089e00000, 0x0000000089e00000| Complete 
| 119|0x0000000089f00000, 0x0000000089f00000, 0x000000008a000000|  0%| F|  |TAMS 0x0000000089f00000, 0x0000000089f00000| Untracked 
| 120|0x000000008a000000, 0x000000008a000000, 0x000000008a100000|  0%| F|  |TAMS 0x000000008a000000, 0x000000008a000000| Untracked 
| 121|0x000000008a100000, 0x000000008a100000, 0x000000008a200000|  0%| F|  |TAMS 0x000000008a100000, 0x000000008a100000| Untracked 
| 122|0x000000008a200000, 0x000000008a200000, 0x000000008a300000|  0%| F|  |TAMS 0x000000008a200000, 0x000000008a200000| Untracked 
| 123|0x000000008a300000, 0x000000008a300000, 0x000000008a400000|  0%| F|  |TAMS 0x000000008a300000, 0x000000008a300000| Untracked 
| 124|0x000000008a400000, 0x000000008a400000, 0x000000008a500000|  0%| F|  |TAMS 0x000000008a400000, 0x000000008a400000| Untracked 
| 125|0x000000008a500000, 0x000000008a500000, 0x000000008a600000|  0%| F|  |TAMS 0x000000008a500000, 0x000000008a500000| Untracked 

Card table byte_map: [0x000001fbe51f0000,0x000001fbe55e0000] _byte_map_base: 0x000001fbe4ddc000

Marking Bits (Prev, Next): (CMBitMap*) 0x000001fbcbc69fa0, (CMBitMap*) 0x000001fbcbc69fe0
 Prev Bits: [0x000001fbe59d0000, 0x000001fbe7930000)
 Next Bits: [0x000001fbe7930000, 0x000001fbe9890000)

Polling page: 0x000001fbcbce0000

Metaspace:

Usage:
  Non-class:    877.95 KB used.
      Class:     80.35 KB used.
       Both:    958.30 KB used.

Virtual space:
  Non-class space:       64.00 MB reserved,     960.00 KB (  1%) committed,  1 nodes.
      Class space:        1.00 GB reserved,     192.00 KB ( <1%) committed,  1 nodes.
             Both:        1.06 GB reserved,       1.12 MB ( <1%) committed. 

Chunk freelists:
   Non-Class:  3.93 MB
       Class:  3.74 MB
        Both:  7.67 MB

MaxMetaspaceSize: unlimited
CompressedClassSpaceSize: 1.00 GB
Initial GC threshold: 21.00 MB
Current GC threshold: 21.00 MB
CDS: on
MetaspaceReclaimPolicy: balanced
 - commit_granule_bytes: 65536.
 - commit_granule_words: 8192.
 - virtual_space_node_default_size: 8388608.
 - enlarge_chunks_in_place: 1.
 - new_chunks_are_fully_committed: 0.
 - uncommit_free_chunks: 1.
 - use_allocation_guard: 0.


Internal statistics:

num_allocs_failed_limit: 0.
num_arena_births: 14.
num_arena_deaths: 0.
num_vsnodes_births: 2.
num_vsnodes_deaths: 0.
num_space_committed: 18.
num_space_uncommitted: 0.
num_chunks_returned_to_freelist: 0.
num_chunks_taken_from_freelist: 21.
num_chunk_merges: 0.
num_chunk_splits: 14.
num_chunks_enlarged: 7.
num_inconsistent_stats: 0.

CodeHeap 'non-profiled nmethods': size=120000Kb used=114Kb max_used=114Kb free=119885Kb
 bounds [0x000001fbdce60000, 0x000001fbdd0d0000, 0x000001fbe4390000]
CodeHeap 'profiled nmethods': size=120000Kb used=367Kb max_used=367Kb free=119633Kb
 bounds [0x000001fbd5390000, 0x000001fbd5600000, 0x000001fbdc8c0000]
CodeHeap 'non-nmethods': size=5760Kb used=1206Kb max_used=1235Kb free=4554Kb
 bounds [0x000001fbdc8c0000, 0x000001fbdcb30000, 0x000001fbdce60000]
 total_blobs=711 nmethods=306 adapters=316
 compilation: enabled
              stopped_count=0, restarted_count=0
 full_count=0

Compilation events (20 events):
Event: 8.776 Thread 0x000001fbec349040 nmethod 300 0x000001fbd53ead10 code [0x000001fbd53eaec0, 0x000001fbd53eb0f8]
Event: 8.776 Thread 0x000001fbec349040  301       3       java.lang.StringLatin1::inflate (34 bytes)
Event: 8.776 Thread 0x000001fbec349040 nmethod 301 0x000001fbd53eb210 code [0x000001fbd53eb3c0, 0x000001fbd53eb5b8]
Event: 8.788 Thread 0x000001fbec348ac0 nmethod 296 0x000001fbdce77a10 code [0x000001fbdce77c00, 0x000001fbdce78830]
Event: 8.788 Thread 0x000001fbec348ac0  297       4       model.TrieNode::InsertTrie (115 bytes)
Event: 8.824 Thread 0x000001fbec349040  309       3       java.nio.Buffer::position (52 bytes)
Event: 8.825 Thread 0x000001fbec349040 nmethod 309 0x000001fbd53eb710 code [0x000001fbd53eb8c0, 0x000001fbd53ebb48]
Event: 8.825 Thread 0x000001fbf0683f70  308 %     4       java.lang.StringLatin1::inflate @ 3 (34 bytes)
Event: 8.827 Thread 0x000001fbec348ac0 nmethod 297 0x000001fbdce78f90 code [0x000001fbdce791c0, 0x000001fbdce7a7e8]
Event: 8.828 Thread 0x000001fbec348ac0  307 %     4       java.lang.StringCoding::countPositives @ 7 (33 bytes)
Event: 8.837 Thread 0x000001fbec348ac0 nmethod 307% 0x000001fbdce7b110 code [0x000001fbdce7b2a0, 0x000001fbdce7b518]
Event: 8.837 Thread 0x000001fbf0683f70 nmethod 308% 0x000001fbdce7b690 code [0x000001fbdce7b820, 0x000001fbdce7bcd8]
Event: 8.837 Thread 0x000001fbf0683f70  303       4       java.util.concurrent.locks.ReentrantLock$Sync::tryRelease (51 bytes)
Event: 8.837 Thread 0x000001fbec348ac0  304       4       java.util.concurrent.locks.AbstractQueuedSynchronizer::signalNext (34 bytes)
Event: 8.838 Thread 0x000001fbec348ac0 nmethod 304 0x000001fbdce7be10 code [0x000001fbdce7bfa0, 0x000001fbdce7c078]
Event: 8.838 Thread 0x000001fbec348ac0  302       4       java.util.concurrent.locks.ReentrantLock$NonfairSync::initialTryLock (58 bytes)
Event: 8.838 Thread 0x000001fbf0683f70 nmethod 303 0x000001fbdce7c190 code [0x000001fbdce7c320, 0x000001fbdce7c458]
Event: 8.838 Thread 0x000001fbf0683f70  305       4       java.io.BufferedReader::readLine (7 bytes)
Event: 8.839 Thread 0x000001fbec348ac0 nmethod 302 0x000001fbdce7c510 code [0x000001fbdce7c6a0, 0x000001fbdce7c838]
Event: 8.839 Thread 0x000001fbec348ac0  311       4       java.lang.StringLatin1::inflate (34 bytes)

GC Heap History (11 events):
Event: 8.758 GC heap before
{Heap before GC invocations=0 (full 0):
 garbage-first heap   total 129024K, used 23552K [0x0000000082800000, 0x0000000100000000)
  region size 1024K, 23 young (23552K), 0 survivors (0K)
 Metaspace       used 953K, committed 1152K, reserved 1114112K
  class space    used 79K, committed 192K, reserved 1048576K
}
Event: 8.772 GC heap after
{Heap after GC invocations=1 (full 0):
 garbage-first heap   total 129024K, used 21824K [0x0000000082800000, 0x0000000100000000)
  region size 1024K, 3 young (3072K), 3 survivors (3072K)
 Metaspace       used 953K, committed 1152K, reserved 1114112K
  class space    used 79K, committed 192K, reserved 1048576K
}
Event: 8.778 GC heap before
{Heap before GC invocations=1 (full 0):
 garbage-first heap   total 129024K, used 36160K [0x0000000082800000, 0x0000000100000000)
  region size 1024K, 17 young (17408K), 3 survivors (3072K)
 Metaspace       used 956K, committed 1152K, reserved 1114112K
  class space    used 80K, committed 192K, reserved 1048576K
}
Event: 8.787 GC heap after
{Heap after GC invocations=2 (full 0):
 garbage-first heap   total 129024K, used 36352K [0x0000000082800000, 0x0000000100000000)
  region size 1024K, 3 young (3072K), 3 survivors (3072K)
 Metaspace       used 956K, committed 1152K, reserved 1114112K
  class space    used 80K, committed 192K, reserved 1048576K
}
Event: 8.793 GC heap before
{Heap before GC invocations=2 (full 0):
 garbage-first heap   total 129024K, used 58880K [0x0000000082800000, 0x0000000100000000)
  region size 1024K, 25 young (25600K), 3 survivors (3072K)
 Metaspace       used 956K, committed 1152K, reserved 1114112K
  class space    used 80K, committed 192K, reserved 1048576K
}
Event: 8.807 GC heap after
{Heap after GC invocations=3 (full 0):
 garbage-first heap   total 129024K, used 59392K [0x0000000082800000, 0x0000000100000000)
  region size 1024K, 4 young (4096K), 4 survivors (4096K)
 Metaspace       used 956K, committed 1152K, reserved 1114112K
  class space    used 80K, committed 192K, reserved 1048576K
}
Event: 8.812 GC heap before
{Heap before GC invocations=3 (full 0):
 garbage-first heap   total 129024K, used 75776K [0x0000000082800000, 0x0000000100000000)
  region size 1024K, 20 young (20480K), 4 survivors (4096K)
 Metaspace       used 956K, committed 1152K, reserved 1114112K
  class space    used 80K, committed 192K, reserved 1048576K
}
Event: 8.824 GC heap after
{Heap after GC invocations=4 (full 0):
 garbage-first heap   total 129024K, used 76288K [0x0000000082800000, 0x0000000100000000)
  region size 1024K, 3 young (3072K), 3 survivors (3072K)
 Metaspace       used 956K, committed 1152K, reserved 1114112K
  class space    used 80K, committed 192K, reserved 1048576K
}
Event: 8.828 GC heap before
{Heap before GC invocations=4 (full 0):
 garbage-first heap   total 129024K, used 87552K [0x0000000082800000, 0x0000000100000000)
  region size 1024K, 14 young (14336K), 3 survivors (3072K)
 Metaspace       used 958K, committed 1152K, reserved 1114112K
  class space    used 80K, committed 192K, reserved 1048576K
}
Event: 8.837 GC heap after
{Heap after GC invocations=5 (full 0):
 garbage-first heap   total 129024K, used 88576K [0x0000000082800000, 0x0000000100000000)
  region size 1024K, 2 young (2048K), 2 survivors (2048K)
 Metaspace       used 958K, committed 1152K, reserved 1114112K
  class space    used 80K, committed 192K, reserved 1048576K
}
Event: 8.842 GC heap before
{Heap before GC invocations=5 (full 0):
 garbage-first heap   total 129024K, used 95744K [0x0000000082800000, 0x0000000100000000)
  region size 1024K, 9 young (9216K), 2 survivors (2048K)
 Metaspace       used 958K, committed 1152K, reserved 1114112K
  class space    used 80K, committed 192K, reserved 1048576K
}

Dll operation events (5 events):
Event: 0.006 Loaded shared library D:\bin\java.dll
Event: 0.012 Loaded shared library D:\bin\jsvml.dll
Event: 0.047 Loaded shared library D:\bin\net.dll
Event: 0.048 Loaded shared library D:\bin\nio.dll
Event: 0.089 Loaded shared library D:\bin\jimage.dll

Deoptimization events (20 events):
Event: 8.744 Thread 0x000001fbcbc0afa0 DEOPT PACKING pc=0x000001fbd53de350 sp=0x0000001096bfef50
Event: 8.744 Thread 0x000001fbcbc0afa0 DEOPT UNPACKING pc=0x000001fbdc927543 sp=0x0000001096bfe3d8 mode 0
Event: 8.744 Thread 0x000001fbcbc0afa0 DEOPT PACKING pc=0x000001fbd53de350 sp=0x0000001096bfef50
Event: 8.744 Thread 0x000001fbcbc0afa0 DEOPT UNPACKING pc=0x000001fbdc927543 sp=0x0000001096bfe3d8 mode 0
Event: 8.744 Thread 0x000001fbcbc0afa0 DEOPT PACKING pc=0x000001fbd53de350 sp=0x0000001096bfef50
Event: 8.744 Thread 0x000001fbcbc0afa0 DEOPT UNPACKING pc=0x000001fbdc927543 sp=0x0000001096bfe3d8 mode 0
Event: 8.744 Thread 0x000001fbcbc0afa0 DEOPT PACKING pc=0x000001fbd53de350 sp=0x0000001096bfef50
Event: 8.744 Thread 0x000001fbcbc0afa0 DEOPT UNPACKING pc=0x000001fbdc927543 sp=0x0000001096bfe3d8 mode 0
Event: 8.744 Thread 0x000001fbcbc0afa0 DEOPT PACKING pc=0x000001fbd53de350 sp=0x0000001096bfef50
Event: 8.744 Thread 0x000001fbcbc0afa0 DEOPT UNPACKING pc=0x000001fbdc927543 sp=0x0000001096bfe3d8 mode 0
Event: 8.744 Thread 0x000001fbcbc0afa0 DEOPT PACKING pc=0x000001fbd53de350 sp=0x0000001096bfef50
Event: 8.744 Thread 0x000001fbcbc0afa0 DEOPT UNPACKING pc=0x000001fbdc927543 sp=0x0000001096bfe3d8 mode 0
Event: 8.839 Thread 0x000001fbcbc0afa0 DEOPT PACKING pc=0x000001fbd53eb057 sp=0x0000001096bfe8c0
Event: 8.839 Thread 0x000001fbcbc0afa0 DEOPT UNPACKING pc=0x000001fbdc927543 sp=0x0000001096bfdd58 mode 0
Event: 8.839 Thread 0x000001fbcbc0afa0 DEOPT PACKING pc=0x000001fbd53eb53e sp=0x0000001096bfe8b0
Event: 8.839 Thread 0x000001fbcbc0afa0 DEOPT UNPACKING pc=0x000001fbdc927543 sp=0x0000001096bfdd50 mode 0
Event: 8.841 Thread 0x000001fbcbc0afa0 DEOPT PACKING pc=0x000001fbd53eb057 sp=0x0000001096bfe8c0
Event: 8.841 Thread 0x000001fbcbc0afa0 DEOPT UNPACKING pc=0x000001fbdc927543 sp=0x0000001096bfdd58 mode 0
Event: 8.841 Thread 0x000001fbcbc0afa0 DEOPT PACKING pc=0x000001fbd53eb53e sp=0x0000001096bfe8b0
Event: 8.841 Thread 0x000001fbcbc0afa0 DEOPT UNPACKING pc=0x000001fbdc927543 sp=0x0000001096bfdd50 mode 0

Classes loaded (20 events):
Event: 0.095 Loading class sun/util/resources/LocaleData$CommonResourceBundleProvider
Event: 0.095 Loading class sun/util/resources/LocaleData$LocaleDataResourceBundleProvider
Event: 0.095 Loading class java/util/spi/ResourceBundleProvider
Event: 0.096 Loading class java/util/spi/ResourceBundleProvider done
Event: 0.096 Loading class sun/util/resources/LocaleData$LocaleDataResourceBundleProvider done
Event: 0.096 Loading class sun/util/resources/LocaleData$CommonResourceBundleProvider done
Event: 0.097 Loading class sun/util/resources/Bundles$2
Event: 0.097 Loading class sun/util/resources/Bundles$2 done
Event: 0.098 Loading class java/lang/InstantiationException
Event: 0.098 Loading class java/lang/InstantiationException done
Event: 0.098 Loading class java/lang/IllegalAccessException
Event: 0.098 Loading class java/lang/IllegalAccessException done
Event: 7.628 Loading class java/util/regex/Matcher$ImmutableMatchResult
Event: 7.628 Loading class java/util/regex/Matcher$ImmutableMatchResult done
Event: 8.728 Loading class java/util/regex/Pattern$1
Event: 8.729 Loading class java/util/regex/Pattern$1 done
Event: 8.731 Loading class java/io/BufferedReader
Event: 8.731 Loading class java/io/BufferedReader done
Event: 8.772 Loading class java/util/concurrent/locks/AbstractQueuedSynchronizer$ExclusiveNode
Event: 8.772 Loading class java/util/concurrent/locks/AbstractQueuedSynchronizer$ExclusiveNode done

Classes unloaded (0 events):
No events

Classes redefined (0 events):
No events

Internal exceptions (1 events):
Event: 0.057 Thread 0x000001fbcbc0afa0 Exception <a 'java/lang/NoSuchMethodError'{0x000000008a434be0}: 'void java.lang.invoke.DirectMethodHandle$Holder.invokeVirtual(java.lang.Object, java.lang.Object)'> (0x000000008a434be0) 
thrown [s\open\src\hotspot\share\interpreter\linkResolver.cpp, line 774]

VM Operations (15 events):
Event: 1.020 Executing VM operation: Cleanup
Event: 1.020 Executing VM operation: Cleanup done
Event: 8.065 Executing VM operation: Cleanup
Event: 8.065 Executing VM operation: Cleanup done
Event: 8.758 Executing VM operation: G1CollectForAllocation
Event: 8.772 Executing VM operation: G1CollectForAllocation done
Event: 8.778 Executing VM operation: G1CollectForAllocation
Event: 8.787 Executing VM operation: G1CollectForAllocation done
Event: 8.793 Executing VM operation: G1CollectForAllocation
Event: 8.808 Executing VM operation: G1CollectForAllocation done
Event: 8.812 Executing VM operation: G1CollectForAllocation
Event: 8.824 Executing VM operation: G1CollectForAllocation done
Event: 8.828 Executing VM operation: G1CollectForAllocation
Event: 8.837 Executing VM operation: G1CollectForAllocation done
Event: 8.842 Executing VM operation: G1CollectForAllocation

Events (13 events):
Event: 0.013 Thread 0x000001fbcbc0afa0 Thread added: 0x000001fbcbc0afa0
Event: 0.023 Thread 0x000001fbec335df0 Thread added: 0x000001fbec335df0
Event: 0.023 Thread 0x000001fbec336b20 Thread added: 0x000001fbec336b20
Event: 0.023 Thread 0x000001fbec337e50 Thread added: 0x000001fbec337e50
Event: 0.023 Thread 0x000001fbec338780 Thread added: 0x000001fbec338780
Event: 0.023 Thread 0x000001fbec3391f0 Thread added: 0x000001fbec3391f0
Event: 0.024 Thread 0x000001fbec33d160 Thread added: 0x000001fbec33d160
Event: 0.024 Thread 0x000001fbec348ac0 Thread added: 0x000001fbec348ac0
Event: 0.024 Thread 0x000001fbec349040 Thread added: 0x000001fbec349040
Event: 0.024 Thread 0x000001fbec3497d0 Thread added: 0x000001fbec3497d0
Event: 0.043 Thread 0x000001fbf05880e0 Thread added: 0x000001fbf05880e0
Event: 0.077 Thread 0x000001fbf062a0d0 Thread added: 0x000001fbf062a0d0
Event: 8.825 Thread 0x000001fbf0683f70 Thread added: 0x000001fbf0683f70


Dynamic libraries:
0x00007ff7e89d0000 - 0x00007ff7e89e0000 	D:\bin\javaw.exe
0x00007ffa06050000 - 0x00007ffa06248000 	C:\WINDOWS\SYSTEM32\ntdll.dll
0x00007ffa05ae0000 - 0x00007ffa05b9f000 	C:\WINDOWS\System32\KERNEL32.DLL
0x00007ffa03c30000 - 0x00007ffa03f02000 	C:\WINDOWS\System32\KERNELBASE.dll
0x00007ffa03870000 - 0x00007ffa03970000 	C:\WINDOWS\System32\ucrtbase.dll
0x00007ff9fae60000 - 0x00007ff9fae7b000 	D:\bin\VCRUNTIME140.dll
0x00007ff9fae80000 - 0x00007ff9fae98000 	D:\bin\jli.dll
0x00007ffa05a20000 - 0x00007ffa05ace000 	C:\WINDOWS\System32\ADVAPI32.dll
0x00007ffa057e0000 - 0x00007ffa0587e000 	C:\WINDOWS\System32\msvcrt.dll
0x00007ffa04da0000 - 0x00007ffa04e3c000 	C:\WINDOWS\System32\sechost.dll
0x00007ffa04e40000 - 0x00007ffa04f65000 	C:\WINDOWS\System32\RPCRT4.dll
0x00007ffa053c0000 - 0x00007ffa0555d000 	C:\WINDOWS\System32\USER32.dll
0x00007ff9eb370000 - 0x00007ff9eb60a000 	C:\WINDOWS\WinSxS\amd64_microsoft.windows.common-controls_6595b64144ccf1df_6.0.19041.1110_none_60b5254171f9507e\COMCTL32.dll
0x00007ffa03c00000 - 0x00007ffa03c22000 	C:\WINDOWS\System32\win32u.dll
0x00007ffa040a0000 - 0x00007ffa040cb000 	C:\WINDOWS\System32\GDI32.dll
0x00007ffa03af0000 - 0x00007ffa03bff000 	C:\WINDOWS\System32\gdi32full.dll
0x00007ffa039c0000 - 0x00007ffa03a5d000 	C:\WINDOWS\System32\msvcp_win.dll
0x00007ff9fbe90000 - 0x00007ff9fbe9a000 	C:\WINDOWS\SYSTEM32\VERSION.dll
0x00007ffa05100000 - 0x00007ffa05132000 	C:\WINDOWS\System32\IMM32.DLL
0x00007ffa00b10000 - 0x00007ffa00b1c000 	D:\bin\vcruntime140_1.dll
0x00007ff9edd50000 - 0x00007ff9eddde000 	D:\bin\msvcp140.dll
0x00007ff9baaf0000 - 0x00007ff9bb7b0000 	D:\bin\server\jvm.dll
0x00007ff9dd500000 - 0x00007ff9dd509000 	C:\WINDOWS\SYSTEM32\WSOCK32.dll
0x00007ff9e61b0000 - 0x00007ff9e61d7000 	C:\WINDOWS\SYSTEM32\WINMM.dll
0x00007ffa05090000 - 0x00007ffa050fb000 	C:\WINDOWS\System32\WS2_32.dll
0x00007ffa01fa0000 - 0x00007ffa01fb2000 	C:\WINDOWS\SYSTEM32\kernel.appcore.dll
0x00007ffa00ac0000 - 0x00007ffa00aca000 	D:\bin\jimage.dll
0x00007ffa01510000 - 0x00007ffa016f4000 	C:\WINDOWS\SYSTEM32\DBGHELP.DLL
0x00007ff9dd610000 - 0x00007ff9dd63c000 	C:\WINDOWS\SYSTEM32\dbgcore.DLL
0x00007ffa03a60000 - 0x00007ffa03ae2000 	C:\WINDOWS\System32\bcryptPrimitives.dll
0x00007ff9edf90000 - 0x00007ff9edfb6000 	D:\bin\java.dll
0x00007ff9cf520000 - 0x00007ff9cf5f7000 	D:\bin\jsvml.dll
0x00007ffa04560000 - 0x00007ffa04ca3000 	C:\WINDOWS\System32\SHELL32.dll
0x00007ffa017f0000 - 0x00007ffa01f82000 	C:\WINDOWS\SYSTEM32\windows.storage.dll
0x00007ffa04200000 - 0x00007ffa04554000 	C:\WINDOWS\System32\combase.dll
0x00007ffa030d0000 - 0x00007ffa03100000 	C:\WINDOWS\SYSTEM32\Wldp.dll
0x00007ffa05310000 - 0x00007ffa053bd000 	C:\WINDOWS\System32\SHCORE.dll
0x00007ffa05880000 - 0x00007ffa058d5000 	C:\WINDOWS\System32\shlwapi.dll
0x00007ffa03690000 - 0x00007ffa036af000 	C:\WINDOWS\SYSTEM32\profapi.dll
0x00007ff9edf70000 - 0x00007ff9edf83000 	D:\bin\net.dll
0x00007ff9eaf50000 - 0x00007ff9eb05c000 	C:\WINDOWS\SYSTEM32\WINHTTP.dll
0x00007ffa02e30000 - 0x00007ffa02e9a000 	C:\WINDOWS\system32\mswsock.dll
0x00007ff9edf50000 - 0x00007ff9edf66000 	D:\bin\nio.dll

dbghelp: loaded successfully - version: 4.0.5 - missing functions: none
symbol engine: initialized successfully - sym options: 0x614 - pdb path: .;D:\bin;C:\WINDOWS\SYSTEM32;C:\WINDOWS\WinSxS\amd64_microsoft.windows.common-controls_6595b64144ccf1df_6.0.19041.1110_none_60b5254171f9507e;D:\bin\server

VM Arguments:
jvm_args: -Dfile.encoding=UTF-8 --module-path=C:\Users\Admin\eclipse-workspace\spelling\bin -XX:+ShowCodeDetailsInExceptionMessages -Djdk.module.main=spelling 
java_command: spelling/model.TrieNode
java_class_path (initial): <not set>
Launcher Type: SUN_STANDARD

[Global flags]
     intx CICompilerCount                          = 4                                         {product} {ergonomic}
     uint ConcGCThreads                            = 2                                         {product} {ergonomic}
     uint G1ConcRefinementThreads                  = 8                                         {product} {ergonomic}
   size_t G1HeapRegionSize                         = 1048576                                   {product} {ergonomic}
    uintx GCDrainStackTargetSize                   = 64                                        {product} {ergonomic}
   size_t InitialHeapSize                          = 132120576                                 {product} {ergonomic}
   size_t MarkStackSize                            = 4194304                                   {product} {ergonomic}
   size_t MaxHeapSize                              = 2105540608                                {product} {ergonomic}
   size_t MaxNewSize                               = 1262485504                                {product} {ergonomic}
   size_t MinHeapDeltaBytes                        = 1048576                                   {product} {ergonomic}
   size_t MinHeapSize                              = 8388608                                   {product} {ergonomic}
    uintx NonNMethodCodeHeapSize                   = 5839372                                {pd product} {ergonomic}
    uintx NonProfiledCodeHeapSize                  = 122909434                              {pd product} {ergonomic}
    uintx ProfiledCodeHeapSize                     = 122909434                              {pd product} {ergonomic}
    uintx ReservedCodeCacheSize                    = 251658240                              {pd product} {ergonomic}
     bool SegmentedCodeCache                       = true                                      {product} {ergonomic}
     bool ShowCodeDetailsInExceptionMessages       = true                                   {manageable} {command line}
   size_t SoftMaxHeapSize                          = 2105540608                             {manageable} {ergonomic}
     bool UseCompressedClassPointers               = true                           {product lp64_product} {ergonomic}
     bool UseCompressedOops                        = true                           {product lp64_product} {ergonomic}
     bool UseG1GC                                  = true                                      {product} {ergonomic}
     bool UseLargePagesIndividualAllocation        = false                                  {pd product} {ergonomic}

Logging:
Log output configuration:
 #0: stdout all=warning uptime,level,tags foldmultilines=false
 #1: stderr all=off uptime,level,tags foldmultilines=false

Environment Variables:
PATH=C:\Program Files\Common Files\Oracle\Java\javapath;C:\Program Files\Python39\Scripts\;C:\Program Files\Python39\;C:\Program Files\Python310\Scripts\;C:\Program Files\Python310\;C:\Program Files (x86)\Common Files\Intel\Shared Libraries\redist\intel64\compiler;C:\WINDOWS\system32;C:\WINDOWS;C:\WINDOWS\System32\Wbem;C:\WINDOWS\System32\WindowsPowerShell\v1.0\;C:\WINDOWS\System32\OpenSSH\;C:\Program Files (x86)\DevDesktop\drush_10;C:\Program Files\Java\jdk-14.0.1\bin;C:\Program Files\Microsoft SQL Server\Client SDK\ODBC\170\Tools\Binn\;C:\Program Files (x86)\Microsoft SQL Server\150\Tools\Binn\;C:\Program Files\Microsoft SQL Server\150\Tools\Binn\;C:\Program Files\Microsoft SQL Server\150\DTS\Binn\;C:\Program Files\Azure Data Studio\bin;C:\Program Files\Git\cmd;C:\Program Files\Cloudflare\Cloudflare WARP\;C:\TDM-GCC-64\bin;C:\Users\Admin\AppData\Local\Microsoft\WindowsApps;C:\Users\Admin\AppData\Local\Microsoft\WindowsApps;C:\Program Files\JetBrains\PyCharm Community Edition 2021.3\bin;C:\Program Files\Azure Data Studio\bin;C:\Users\Admin\AppData\Local\atom\bin
USERNAME=Admin
OS=Windows_NT
PROCESSOR_IDENTIFIER=Intel64 Family 6 Model 142 Stepping 12, GenuineIntel
TMP=C:\Users\Admin\AppData\Local\Temp
TEMP=C:\Users\Admin\AppData\Local\Temp



---------------  S Y S T E M  ---------------

OS:
 Windows 10 , 64 bit Build 19041 (10.0.19041.2251)
OS uptime: 4 days 8:03 hours

CPU: total 8 (initial active 8) (4 cores per cpu, 2 threads per core) family 6 model 142 stepping 12 microcode 0xf4, cx8, cmov, fxsr, ht, mmx, 3dnowpref, sse, sse2, sse3, ssse3, sse4.1, sse4.2, popcnt, lzcnt, tsc, tscinvbit, avx, avx2, aes, erms, clmul, bmi1, bmi2, adx, fma, vzeroupper, clflush, clflushopt, rdtscp

Memory: 4k page, system-wide physical 8029M (416M free)
TotalPageFile size 21009M (AvailPageFile size 225M)
current process WorkingSet (physical memory assigned to process): 155M, peak: 155M
current process commit charge ("private bytes"): 212M, peak: 464M

vm_info: Java HotSpot(TM) 64-Bit Server VM (19+36-2238) for windows-amd64 JRE (19+36-2238), built on 2022-08-12T20:29:01Z by "mach5one" with MS VC++ 17.1 (VS2022)

END.
